2025-12-06 17:11:49 - Starting C:\Program Files\nodejs\node.exe  --harmony "D:\Backend Module\node_modules\node-windows\lib\wrapper.js" --file "D:\Backend Module\server.js" --scriptoptions= --log "SSEC-Backend-Service wrapper" --grow 0.25 --wait 1 --maxrestarts 3 --abortonerror n --stopparentfirst undefined
2025-12-06 17:11:49 - Started 22224
2025-12-06 17:12:42 - Stopping ssecbackendservice.exe
2025-12-06 17:12:42 - ProcessKill 22224
2025-12-06 17:12:43 - Shutdown exception
Message:A system shutdown is in progress.

Stacktrace:   at System.Runtime.InteropServices.Marshal.ThrowExceptionForHRInternal(Int32 errorCode, IntPtr errorInfo)
   at System.Management.ManagementScope.InitializeGuts(Object o)
   at System.Management.ManagementScope.Initialize()
   at System.Management.ManagementObjectSearcher.Initialize()
   at System.Management.ManagementObjectSearcher.Get()
   at winsw.WrapperService.GetChildPids(Int32 pid)
   at winsw.WrapperService.StopProcessAndChildren(Int32 pid)
   at winsw.WrapperService.StopIt()
   at winsw.WrapperService.OnShutdown()
2025-12-06 17:13:47 - Starting C:\Program Files\nodejs\node.exe  --harmony "D:\Backend Module\node_modules\node-windows\lib\wrapper.js" --file "D:\Backend Module\server.js" --scriptoptions= --log "SSEC-Backend-Service wrapper" --grow 0.25 --wait 1 --maxrestarts 3 --abortonerror n --stopparentfirst undefined
2025-12-06 17:13:48 - Started 4268
2025-12-06 17:53:28 - Stopping ssecbackendservice.exe
2025-12-06 17:53:28 - ProcessKill 4268
2025-12-06 17:53:28 - Found child process: 4280 Name: conhost.exe
2025-12-06 17:53:28 - Found child process: 2284 Name: node.exe
2025-12-06 17:53:28 - Stopping process 4280
2025-12-06 17:53:28 - Send SIGINT 4280
2025-12-06 17:53:28 - SIGINT to 4280 failed - Killing as fallback
2025-12-06 17:53:28 - Stopping process 2284
2025-12-06 17:53:28 - Send SIGINT 2284
2025-12-06 17:53:28 - SIGINT to 2284 failed - Killing as fallback
2025-12-06 17:53:28 - Stopping process 4268
2025-12-06 17:53:28 - Send SIGINT 4268
2025-12-06 17:53:28 - SIGINT to 4268 failed - Killing as fallback
2025-12-06 17:53:28 - Finished ssecbackendservice.exe
2025-12-06 17:53:54 - Starting C:\Program Files\nodejs\node.exe  --harmony "D:\Backend Module\node_modules\node-windows\lib\wrapper.js" --file "D:\Backend Module\server.js" --scriptoptions= --log "SSEC-Backend-Service wrapper" --grow 0.25 --wait 1 --maxrestarts 3 --abortonerror n --stopparentfirst undefined
2025-12-06 17:53:55 - Started 2348
2025-12-09 14:04:59 - Stopping ssecbackendservice.exe
2025-12-09 14:04:59 - ProcessKill 2348
2025-12-09 14:05:01 - Shutdown exception
Message:A system shutdown is in progress.

Stacktrace:   at System.Runtime.InteropServices.Marshal.ThrowExceptionForHRInternal(Int32 errorCode, IntPtr errorInfo)
   at System.Management.ManagementScope.InitializeGuts(Object o)
   at System.Management.ManagementScope.Initialize()
   at System.Management.ManagementObjectSearcher.Initialize()
   at System.Management.ManagementObjectSearcher.Get()
   at winsw.WrapperService.GetChildPids(Int32 pid)
   at winsw.WrapperService.StopProcessAndChildren(Int32 pid)
   at winsw.WrapperService.StopIt()
   at winsw.WrapperService.OnShutdown()
2025-12-09 14:07:59 - Starting C:\Program Files\nodejs\node.exe  --harmony "D:\Backend Module\node_modules\node-windows\lib\wrapper.js" --file "D:\Backend Module\server.js" --scriptoptions= --log "SSEC-Backend-Service wrapper" --grow 0.25 --wait 1 --maxrestarts 3 --abortonerror n --stopparentfirst undefined
2025-12-09 14:07:59 - Started 17900
2025-12-09 14:10:10 - Stopping ssecbackendservice.exe
2025-12-09 14:10:10 - ProcessKill 17900
2025-12-09 14:10:16 - Shutdown exception
Message:A system shutdown is in progress.

Stacktrace:   at System.Runtime.InteropServices.Marshal.ThrowExceptionForHRInternal(Int32 errorCode, IntPtr errorInfo)
   at System.Management.ManagementScope.InitializeGuts(Object o)
   at System.Management.ManagementScope.Initialize()
   at System.Management.ManagementObjectSearcher.Initialize()
   at System.Management.ManagementObjectSearcher.Get()
   at winsw.WrapperService.GetChildPids(Int32 pid)
   at winsw.WrapperService.StopProcessAndChildren(Int32 pid)
   at winsw.WrapperService.StopIt()
   at winsw.WrapperService.OnShutdown()
2025-12-09 14:16:30 - Starting C:\Program Files\nodejs\node.exe  --harmony "D:\Backend Module\node_modules\node-windows\lib\wrapper.js" --file "D:\Backend Module\server.js" --scriptoptions= --log "SSEC-Backend-Service wrapper" --grow 0.25 --wait 1 --maxrestarts 3 --abortonerror n --stopparentfirst undefined
2025-12-09 14:16:30 - Started 17636
2025-12-09 15:57:45 - Stopping ssecbackendservice.exe
2025-12-09 15:57:45 - ProcessKill 17636
2025-12-11 09:23:51 - Starting C:\Program Files\nodejs\node.exe  --harmony "D:\Backend Module\node_modules\node-windows\lib\wrapper.js" --file "D:\Backend Module\server.js" --scriptoptions= --log "SSEC-Backend-Service wrapper" --grow 0.25 --wait 1 --maxrestarts 3 --abortonerror n --stopparentfirst undefined
2025-12-11 09:23:52 - Started 3620
2025-12-11 09:24:46 - Stopping ssecbackendservice.exe
2025-12-11 09:24:46 - ProcessKill 3620
2025-12-11 09:24:56 - Found child process: 3356 Name: conhost.exe
2025-12-11 09:24:56 - Found child process: 4024 Name: node.exe
2025-12-11 09:24:57 - Stopping process 3356
2025-12-11 09:24:57 - Send SIGINT 3356
2025-12-11 09:24:57 - SIGINT to 3356 failed - Killing as fallback
2025-12-11 09:24:57 - Stopping process 4024
2025-12-11 09:24:57 - Send SIGINT 4024
2025-12-11 09:24:57 - SIGINT to 4024 failed - Killing as fallback
2025-12-11 09:24:57 - Stopping process 3620
2025-12-11 09:24:57 - Send SIGINT 3620
2025-12-11 09:24:57 - SIGINT to 3620 failed - Killing as fallback
2025-12-11 09:24:57 - Finished ssecbackendservice.exe
2025-12-11 09:24:59 - Starting C:\Program Files\nodejs\node.exe  --harmony "D:\Backend Module\node_modules\node-windows\lib\wrapper.js" --file "D:\Backend Module\server.js" --scriptoptions= --log "SSEC-Backend-Service wrapper" --grow 0.25 --wait 1 --maxrestarts 3 --abortonerror n --stopparentfirst undefined
2025-12-11 09:24:59 - Started 19396
2025-12-11 18:20:49 - Stopping ssecbackendservice.exe
2025-12-11 18:20:49 - ProcessKill 19396
2025-12-11 18:21:03 - Shutdown exception
Message:The type initializer for 'System.Management.ManagementPath' threw an exception.
Stacktrace:   at System.Management.ManagementScope._Clone(ManagementScope scope, IdentifierChangedEventHandler handler)
   at System.Management.ManagementObjectSearcher..ctor(ManagementScope scope, ObjectQuery query, EnumerationOptions options)
   at winsw.WrapperService.GetChildPids(Int32 pid)
   at winsw.WrapperService.StopProcessAndChildren(Int32 pid)
   at winsw.WrapperService.StopIt()
   at winsw.WrapperService.OnShutdown()
2025-12-11 18:24:55 - Starting C:\Program Files\nodejs\node.exe  --harmony "D:\Backend Module\node_modules\node-windows\lib\wrapper.js" --file "D:\Backend Module\server.js" --scriptoptions= --log "SSEC-Backend-Service wrapper" --grow 0.25 --wait 1 --maxrestarts 3 --abortonerror n --stopparentfirst undefined
2025-12-11 18:24:55 - Started 16996
2025-12-15 15:24:49 - Starting C:\Program Files\nodejs\node.exe  --harmony "D:\Backend Module\node_modules\node-windows\lib\wrapper.js" --file "D:\Backend Module\server.js" --scriptoptions= --log "SSEC-Backend-Service wrapper" --grow 0.25 --wait 1 --maxrestarts 3 --abortonerror n --stopparentfirst undefined
2025-12-15 15:24:50 - Started 19268
2025-12-15 16:57:01 - Stopping ssecbackendservice.exe
2025-12-15 16:57:01 - ProcessKill 19268
2025-12-15 16:57:01 - Found child process: 18920 Name: conhost.exe
2025-12-15 16:57:01 - Found child process: 21076 Name: node.exe
2025-12-15 16:57:01 - Stopping process 18920
2025-12-15 16:57:01 - Send SIGINT 18920
2025-12-15 16:57:01 - SIGINT to 18920 failed - Killing as fallback
2025-12-15 16:57:01 - Stopping process 21076
2025-12-15 16:57:01 - Send SIGINT 21076
2025-12-15 16:57:01 - SIGINT to 21076 failed - Killing as fallback
2025-12-15 16:57:01 - Stopping process 19268
2025-12-15 16:57:01 - Send SIGINT 19268
2025-12-15 16:57:01 - SIGINT to 19268 failed - Killing as fallback
2025-12-15 16:57:01 - Finished ssecbackendservice.exe
2025-12-15 16:57:03 - Starting C:\Program Files\nodejs\node.exe  --harmony "D:\Backend Module\node_modules\node-windows\lib\wrapper.js" --file "D:\Backend Module\server.js" --scriptoptions= --log "SSEC-Backend-Service wrapper" --grow 0.25 --wait 1 --maxrestarts 3 --abortonerror n --stopparentfirst undefined
2025-12-15 16:57:03 - Started 1528
2025-12-18 15:18:33 - Stopping ssecbackendservice.exe
2025-12-18 15:18:33 - ProcessKill 1528
2025-12-18 15:18:33 - Found child process: 21480 Name: conhost.exe
2025-12-18 15:18:33 - Found child process: 1280 Name: node.exe
2025-12-18 15:18:33 - Stopping process 21480
2025-12-18 15:18:33 - Send SIGINT 21480
2025-12-18 15:18:33 - SIGINT to 21480 failed - Killing as fallback
2025-12-18 15:18:33 - Stopping process 1280
2025-12-18 15:18:33 - Send SIGINT 1280
2025-12-18 15:18:33 - SIGINT to 1280 failed - Killing as fallback
2025-12-18 15:18:33 - Stopping process 1528
2025-12-18 15:18:33 - Send SIGINT 1528
2025-12-18 15:18:33 - SIGINT to 1528 failed - Killing as fallback
2025-12-18 15:18:33 - Finished ssecbackendservice.exe
2025-12-18 15:18:35 - Starting C:\Program Files\nodejs\node.exe  --harmony "D:\Backend Module\node_modules\node-windows\lib\wrapper.js" --file "D:\Backend Module\server.js" --scriptoptions= --log "SSEC-Backend-Service wrapper" --grow 0.25 --wait 1 --maxrestarts 3 --abortonerror n --stopparentfirst undefined
2025-12-18 15:18:35 - Started 17140
2025-12-18 15:38:18 - Stopping ssecbackendservice.exe
2025-12-18 15:38:18 - ProcessKill 17140
2025-12-18 15:38:18 - Found child process: 17172 Name: conhost.exe
2025-12-18 15:38:18 - Found child process: 18204 Name: node.exe
2025-12-18 15:38:19 - Stopping process 17172
2025-12-18 15:38:19 - Send SIGINT 17172
2025-12-18 15:38:19 - SIGINT to 17172 failed - Killing as fallback
2025-12-18 15:38:19 - Stopping process 18204
2025-12-18 15:38:19 - Send SIGINT 18204
2025-12-18 15:38:19 - SIGINT to 18204 failed - Killing as fallback
2025-12-18 15:38:19 - Stopping process 17140
2025-12-18 15:38:19 - Send SIGINT 17140
2025-12-18 15:38:19 - SIGINT to 17140 failed - Killing as fallback
2025-12-18 15:38:19 - Finished ssecbackendservice.exe
2025-12-18 15:38:20 - Starting C:\Program Files\nodejs\node.exe  --harmony "D:\Backend Module\node_modules\node-windows\lib\wrapper.js" --file "D:\Backend Module\server.js" --scriptoptions= --log "SSEC-Backend-Service wrapper" --grow 0.25 --wait 1 --maxrestarts 3 --abortonerror n --stopparentfirst undefined
2025-12-18 15:38:20 - Started 19012
2025-12-18 15:47:27 - Stopping ssecbackendservice.exe
2025-12-18 15:47:27 - ProcessKill 19012
2025-12-18 15:47:27 - Found child process: 24500 Name: conhost.exe
2025-12-18 15:47:27 - Found child process: 2680 Name: node.exe
2025-12-18 15:47:27 - Stopping process 24500
2025-12-18 15:47:27 - Send SIGINT 24500
2025-12-18 15:47:27 - SIGINT to 24500 failed - Killing as fallback
2025-12-18 15:47:27 - Stopping process 2680
2025-12-18 15:47:27 - Send SIGINT 2680
2025-12-18 15:47:27 - SIGINT to 2680 failed - Killing as fallback
2025-12-18 15:47:27 - Stopping process 19012
2025-12-18 15:47:27 - Send SIGINT 19012
2025-12-18 15:47:27 - SIGINT to 19012 failed - Killing as fallback
2025-12-18 15:47:27 - Finished ssecbackendservice.exe
2025-12-18 15:47:52 - Starting C:\Program Files\nodejs\node.exe  --harmony "D:\Backend Module\node_modules\node-windows\lib\wrapper.js" --file "D:\Backend Module\server.js" --scriptoptions= --log "SSEC-Backend-Service wrapper" --grow 0.25 --wait 1 --maxrestarts 3 --abortonerror n --stopparentfirst undefined
2025-12-18 15:47:52 - Started 924
2025-12-18 15:48:04 - Stopping ssecbackendservice.exe
2025-12-18 15:48:04 - ProcessKill 924
2025-12-18 15:48:04 - Found child process: 22188 Name: conhost.exe
2025-12-18 15:48:04 - Found child process: 2656 Name: node.exe
2025-12-18 15:48:04 - Stopping process 22188
2025-12-18 15:48:04 - Send SIGINT 22188
2025-12-18 15:48:04 - SIGINT to 22188 failed - Killing as fallback
2025-12-18 15:48:04 - Stopping process 2656
2025-12-18 15:48:04 - Send SIGINT 2656
2025-12-18 15:48:04 - SIGINT to 2656 failed - Killing as fallback
2025-12-18 15:48:04 - Stopping process 924
2025-12-18 15:48:04 - Send SIGINT 924
2025-12-18 15:48:04 - SIGINT to 924 failed - Killing as fallback
2025-12-18 15:48:04 - Finished ssecbackendservice.exe
2025-12-18 15:48:05 - Starting C:\Program Files\nodejs\node.exe  --harmony "D:\Backend Module\node_modules\node-windows\lib\wrapper.js" --file "D:\Backend Module\server.js" --scriptoptions= --log "SSEC-Backend-Service wrapper" --grow 0.25 --wait 1 --maxrestarts 3 --abortonerror n --stopparentfirst undefined
2025-12-18 15:48:05 - Started 18244
